<?xml version="1.0" encoding="UTF-8"?>
<testsuite name="com.restfulbooker.cucumber.CucumberRunner" time="0.416" tests="44" errors="0" skipped="0" failures="0">
  <properties>
[...]
</properties>
  <testcase name="Given RestfulBooker application is running" classname="Scenario: As a user I am creating authorization token" time="0"/>
  <testcase name="When I enter username &quot;admin&quot; and password &quot;password123&quot;" classname="Scenario: As a user I am creating authorization token" time="0"/>
  <testcase name="Then I get authorization token" classname="Scenario: As a user I am creating authorization token" time="0"/>
  <testcase name="Scenario: As a user I am creating authorization token" classname="Scenario: As a user I am creating authorization token" time="0.144"/>
  <testcase name="When When I create a new booking by providing the information firstName &quot;Tommie&quot; lastName &quot;Ringsell&quot; totalprice &quot;500&quot; depositpaid &quot;100&quot; checkin &quot;2022-01-16&quot;checkout &quot;2022-03-13&quot;additionalneeds &quot;Breakfast&quot;" classname="| Tommie | Ringsell | 500 | 100 | 2022-01-16 | 2022-03-13 | Breakfast |" time="0"/>
  <testcase name="When When I create a new booking by providing the information firstName &quot;Tommie&quot; lastName &quot;Ringsell&quot; totalprice &quot;500&quot; depositpaid &quot;100&quot; checkin &quot;2022-01-16&quot;checkout &quot;2022-03-13&quot;additionalneeds &quot;Breakfast&quot;" classname="| Tommie | Ringsell | 500 | 100 | 2022-01-16 | 2022-03-13 | Breakfast |" time="0"/>
  <testcase name="Then I verify that Booking with bookingId is created" classname="| Tommie | Ringsell | 500 | 100 | 2022-01-16 | 2022-03-13 | Breakfast |" time="0"/>
  <testcase name="Then I verify that Booking with bookingId is created" classname="| Tommie | Ringsell | 500 | 100 | 2022-01-16 | 2022-03-13 | Breakfast |" time="0"/>
  <testcase name="| Tommie | Ringsell | 500 | 100 | 2022-01-16 | 2022-03-13 | Breakfast |" classname="| Tommie | Ringsell | 500 | 100 | 2022-01-16 | 2022-03-13 | Breakfast |" time="0.002"/>
  <testcase name="| Tommie | Ringsell | 500 | 100 | 2022-01-16 | 2022-03-13 | Breakfast |" classname="| Tommie | Ringsell | 500 | 100 | 2022-01-16 | 2022-03-13 | Breakfast |" time="0.002"/>
  <testcase name="When When I create a new booking by providing the information firstName &quot;Dynah&quot; lastName &quot;Studdert&quot; totalprice &quot;200&quot; depositpaid &quot;100&quot; checkin &quot;2022-03-10&quot;checkout &quot;2022-06-19&quot;additionalneeds &quot;Breakfast&quot;" classname="| Dynah | Studdert | 200 | 100 | 2022-03-10 | 2022-06-19 | Breakfast |" time="0"/>
  <testcase name="When When I create a new booking by providing the information firstName &quot;Dynah&quot; lastName &quot;Studdert&quot; totalprice &quot;200&quot; depositpaid &quot;100&quot; checkin &quot;2022-03-10&quot;checkout &quot;2022-06-19&quot;additionalneeds &quot;Breakfast&quot;" classname="| Dynah | Studdert | 200 | 100 | 2022-03-10 | 2022-06-19 | Breakfast |" time="0"/>
  <testcase name="Then I verify that Booking with bookingId is created" classname="| Dynah | Studdert | 200 | 100 | 2022-03-10 | 2022-06-19 | Breakfast |" time="0"/>
  <testcase name="Then I verify that Booking with bookingId is created" classname="| Dynah | Studdert | 200 | 100 | 2022-03-10 | 2022-06-19 | Breakfast |" time="0"/>
  <testcase name="| Dynah | Studdert | 200 | 100 | 2022-03-10 | 2022-06-19 | Breakfast |" classname="| Dynah | Studdert | 200 | 100 | 2022-03-10 | 2022-06-19 | Breakfast |" time="0.002"/>
  <testcase name="| Dynah | Studdert | 200 | 100 | 2022-03-10 | 2022-06-19 | Breakfast |" classname="| Dynah | Studdert | 200 | 100 | 2022-03-10 | 2022-06-19 | Breakfast |" time="0.083"/>
  <testcase name="When When I create a new booking by providing the information firstName &quot;Marilee&quot; lastName &quot;Mebs&quot; totalprice &quot;300&quot; depositpaid &quot;200&quot; checkin &quot;2022-04-25&quot;checkout &quot;2022-06-28&quot;additionalneeds &quot;Dinner&quot;" classname="| Marilee | Mebs | 300 | 200 | 2022-04-25 | 2022-06-28 | Dinner |" time="0"/>
  <testcase name="Then I verify that Booking with bookingId is created" classname="| Marilee | Mebs | 300 | 200 | 2022-04-25 | 2022-06-28 | Dinner |" time="0"/>
  <testcase name="| Marilee | Mebs | 300 | 200 | 2022-04-25 | 2022-06-28 | Dinner |" classname="| Marilee | Mebs | 300 | 200 | 2022-04-25 | 2022-06-28 | Dinner |" time="0.002"/>
  <testcase name="When When I create a new booking by providing the information firstName &quot;Sheppard&quot; lastName &quot;Bernardes&quot; totalprice &quot;500&quot; depositpaid &quot;200&quot; checkin &quot;2022-03-22&quot;checkout &quot;2022-03-25&quot;additionalneeds &quot;Dinner&quot;" classname="| Sheppard | Bernardes | 500 | 200 | 2022-03-22 | 2022-03-25 | Dinner |" time="0"/>
  <testcase name="Then I verify that Booking with bookingId is created" classname="| Sheppard | Bernardes | 500 | 200 | 2022-03-22 | 2022-03-25 | Dinner |" time="0"/>
  <testcase name="| Sheppard | Bernardes | 500 | 200 | 2022-03-22 | 2022-03-25 | Dinner |" classname="| Sheppard | Bernardes | 500 | 200 | 2022-03-22 | 2022-03-25 | Dinner |" time="0.003"/>
  <testcase name="When When I create a new booking by providing the information firstName &quot;Cynthia&quot; lastName &quot;Eversfield&quot; totalprice &quot;100&quot; depositpaid &quot;100&quot; checkin &quot;2022-05-14&quot;checkout &quot;2022-04-07&quot;additionalneeds &quot;Mainmeal&quot;" classname="| Cynthia | Eversfield | 100 | 100 | 2022-05-14 | 2022-04-07 | Mainmeal |" time="0"/>
  <testcase name="Then I verify that Booking with bookingId is created" classname="| Cynthia | Eversfield | 100 | 100 | 2022-05-14 | 2022-04-07 | Mainmeal |" time="0"/>
  <testcase name="| Cynthia | Eversfield | 100 | 100 | 2022-05-14 | 2022-04-07 | Mainmeal |" classname="| Cynthia | Eversfield | 100 | 100 | 2022-05-14 | 2022-04-07 | Mainmeal |" time="0.076"/>
  <testcase name="When I update a booking with firstName &quot;Cynthia1&quot; lastName &quot;Eversfield&quot; totalPrice &quot;100&quot; depositPaid &quot;100&quot; checkIn &quot;2022-05-14&quot; checkOut &quot;2022-04-07&quot; additionalNeeds &quot;Mainmeal and Veg&quot;" classname="| Cynthia1 | Eversfield | 100 | 100 | 2022-05-14 | 2022-04-07 | Mainmeal and Veg | 200 |" time="0"/>
  <testcase name="Then I verify the response has &quot;200&quot; status code" classname="| Cynthia1 | Eversfield | 100 | 100 | 2022-05-14 | 2022-04-07 | Mainmeal and Veg | 200 |" time="0"/>
  <testcase name="| Cynthia1 | Eversfield | 100 | 100 | 2022-05-14 | 2022-04-07 | Mainmeal and Veg | 200 |" classname="| Cynthia1 | Eversfield | 100 | 100 | 2022-05-14 | 2022-04-07 | Mainmeal and Veg | 200 |" time="0.14"/>
  <testcase name="When I update partial booking with firstName &quot;Cynthia&quot; lastName &quot;Eversfield1&quot; totalPrice &quot;100&quot; depositPaid &quot;100&quot; checkIn &quot;2022-05-14&quot; checkOut &quot;2022-04-07&quot; additionalNeeds &quot;Mainmeal&quot;" classname="| Cynthia | Eversfield1 | 100 | 100 | 2022-05-14 | 2022-04-07 | Mainmeal | 200 |" time="0"/>
  <testcase name="Then I verify the response has &quot;200&quot; status code" classname="| Cynthia | Eversfield1 | 100 | 100 | 2022-05-14 | 2022-04-07 | Mainmeal | 200 |" time="0"/>
  <testcase name="Then I verify the response has &quot;200&quot; status code" classname="| Cynthia | Eversfield1 | 100 | 100 | 2022-05-14 | 2022-04-07 | Mainmeal | 200 |" time="0"/>
  <testcase name="| Cynthia | Eversfield1 | 100 | 100 | 2022-05-14 | 2022-04-07 | Mainmeal | 200 |" classname="| Cynthia | Eversfield1 | 100 | 100 | 2022-05-14 | 2022-04-07 | Mainmeal | 200 |" time="0.047"/>
  <testcase name="| Cynthia | Eversfield1 | 100 | 100 | 2022-05-14 | 2022-04-07 | Mainmeal | 200 |" classname="| Cynthia | Eversfield1 | 100 | 100 | 2022-05-14 | 2022-04-07 | Mainmeal | 200 |" time="0.051"/>
  <testcase name="When I delete the booking with bookingId" classname="| Cynthia | Eversfield1 | 100 | 100 | 2022-05-14 | 2022-04-07 | Mainmeal | 200 |" time="0"/>
  <testcase name="Given RestfulBooker application is running" classname="| Tommie | Ringsell | 500 | 100 | 2022-01-16 | 2022-03-13 | Breakfast |" time="0"/>
  <testcase name="And I update a booking with firstName &quot;Tommie&quot; lastName &quot;Ringsell&quot; totalPrice &quot;500&quot; depositPaid &quot;100&quot; checkIn &quot;2022-01-16&quot; checkOut &quot;2022-03-13&quot; additionalNeeds &quot;Breakfast&quot;" classname="| Tommie | Ringsell | 500 | 100 | 2022-01-16 | 2022-03-13 | Breakfast |" time="0"/>
  <testcase name="And I update partial booking with firstName &quot;Tommie&quot; lastName &quot;Ringsell&quot; totalPrice &quot;500&quot; depositPaid &quot;100&quot; checkIn &quot;2022-01-16&quot; checkOut &quot;2022-03-13&quot; additionalNeeds &quot;Breakfast&quot;" classname="| Tommie | Ringsell | 500 | 100 | 2022-01-16 | 2022-03-13 | Breakfast |" time="0"/>
  <testcase name="And I delete the booking with bookingId" classname="| Tommie | Ringsell | 500 | 100 | 2022-01-16 | 2022-03-13 | Breakfast |" time="0"/>
  <testcase name="Then I verify the response has &quot;&lt;code&gt;&quot; status code" classname="| Tommie | Ringsell | 500 | 100 | 2022-01-16 | 2022-03-13 | Breakfast |" time="0"/>
  <testcase name="Given RestfulBooker application is running" classname="| Dynah | Studdert | 200 | 100 | 2022-03-10 | 2022-06-19 | Breakfast |" time="0"/>
  <testcase name="And I update a booking with firstName &quot;Dynah&quot; lastName &quot;Studdert&quot; totalPrice &quot;200&quot; depositPaid &quot;100&quot; checkIn &quot;2022-03-10&quot; checkOut &quot;2022-06-19&quot; additionalNeeds &quot;Breakfast&quot;" classname="| Dynah | Studdert | 200 | 100 | 2022-03-10 | 2022-06-19 | Breakfast |" time="0"/>
  <testcase name="And I update partial booking with firstName &quot;Dynah&quot; lastName &quot;Studdert&quot; totalPrice &quot;200&quot; depositPaid &quot;100&quot; checkIn &quot;2022-03-10&quot; checkOut &quot;2022-06-19&quot; additionalNeeds &quot;Breakfast&quot;" classname="| Dynah | Studdert | 200 | 100 | 2022-03-10 | 2022-06-19 | Breakfast |" time="0"/>
  <testcase name="And I delete the booking with bookingId" classname="| Dynah | Studdert | 200 | 100 | 2022-03-10 | 2022-06-19 | Breakfast |" time="0"/>
  <testcase name="Then I verify the response has &quot;&lt;code&gt;&quot; status code" classname="| Dynah | Studdert | 200 | 100 | 2022-03-10 | 2022-06-19 | Breakfast |" time="0"/>
</testsuite>